-- The C compiler identification is GNU 13.3.0
-- The CXX compiler identification is GNU 13.3.0
-- Detecting C compiler ABI info
-- Detecting C compiler ABI info - done
-- Check for working C compiler: /usr/bin/cc - skipped
-- Detecting C compile features
-- Detecting C compile features - done
-- Detecting CXX compiler ABI info
-- Detecting CXX compiler ABI info - done
-- Check for working CXX compiler: /usr/bin/c++ - skipped
-- Detecting CXX compile features
-- Detecting CXX compile features - done
-- Found ament_cmake: 2.5.4 (/opt/ros/jazzy/share/ament_cmake/cmake)
-- Found Python3: /usr/bin/python3 (found version "3.12.3") found components: Interpreter 
-- Found rclcpp: 28.1.12 (/opt/ros/jazzy/share/rclcpp/cmake)
-- Found rosidl_generator_c: 4.6.6 (/opt/ros/jazzy/share/rosidl_generator_c/cmake)
-- Found rosidl_generator_cpp: 4.6.6 (/opt/ros/jazzy/share/rosidl_generator_cpp/cmake)
-- Using all available rosidl_typesupport_c: rosidl_typesupport_fastrtps_c;rosidl_typesupport_introspection_c
-- Using all available rosidl_typesupport_cpp: rosidl_typesupport_fastrtps_cpp;rosidl_typesupport_introspection_cpp
-- Found rmw_implementation_cmake: 7.3.2 (/opt/ros/jazzy/share/rmw_implementation_cmake/cmake)
-- Found rmw_fastrtps_cpp: 8.4.3 (/opt/ros/jazzy/share/rmw_fastrtps_cpp/cmake)
-- Found OpenSSL: /usr/lib/x86_64-linux-gnu/libcrypto.so (found version "3.0.13")  
-- Found FastRTPS: /opt/ros/jazzy/include (Required is at least version "2.13") 
-- Using RMW implementation 'rmw_fastrtps_cpp' as default
-- Found rclcpp_action: 28.1.13 (/opt/ros/jazzy/share/rclcpp_action/cmake)
-- Found geometry_msgs: 5.3.6 (/opt/ros/jazzy/share/geometry_msgs/cmake)
-- Found nav_msgs: 5.3.6 (/opt/ros/jazzy/share/nav_msgs/cmake)
-- Found visualization_msgs: 5.3.6 (/opt/ros/jazzy/share/visualization_msgs/cmake)
-- Found bicycle_control_interfaces: 0.1.0 (/workspace/install/bicycle_control_interfaces/share/bicycle_control_interfaces/cmake)
-- Found ament_cmake_gtest: 2.5.4 (/opt/ros/jazzy/share/ament_cmake_gtest/cmake)
-- Found gtest sources under '/opt/ros/jazzy/src/gtest_vendor': C++ tests using 'Google Test' will be built
-- Performing Test CMAKE_HAVE_LIBC_PTHREAD
-- Performing Test CMAKE_HAVE_LIBC_PTHREAD - Success
-- Found Threads: TRUE  
-- Configuring done (0.9s)
-- Generating done (0.0s)
-- Build files have been written to: /workspace/build/bicycle_control
[  7%] [32mBuilding CXX object CMakeFiles/pure_pursuit.dir/src/pure_pursuit.cpp.o[0m
[ 21%] [32mBuilding CXX object CMakeFiles/bezier_planner.dir/src/bezier_planner.cpp.o[0m
[ 21%] [32mBuilding CXX object gtest/CMakeFiles/gtest.dir/src/gtest-all.cc.o[0m
[ 28%] [32mBuilding CXX object gtest/CMakeFiles/gtest_main.dir/src/gtest_main.cc.o[0m
[ 35%] [32mBuilding CXX object CMakeFiles/bicycle_model.dir/src/bicycle_model.cpp.o[0m
[ 42%] [32m[1mLinking CXX static library libbicycle_model.a[0m
[ 50%] [32m[1mLinking CXX static library libpure_pursuit.a[0m
[ 50%] Built target bicycle_model
[ 57%] [32m[1mLinking CXX static library libbezier_planner.a[0m
[ 57%] Built target pure_pursuit
[ 57%] Built target bezier_planner
[ 64%] [32mBuilding CXX object CMakeFiles/path_follower_node.dir/src/path_follower_node.cpp.o[0m
[ 71%] [32m[1mLinking CXX static library libgtest_main.a[0m
[ 71%] Built target gtest_main
[ 78%] [32m[1mLinking CXX static library libgtest.a[0m
[ 78%] Built target gtest
[ 85%] [32mBuilding CXX object CMakeFiles/test_bicycle_model.dir/test/test_bicycle_model.cpp.o[0m
[ 92%] [32m[1mLinking CXX executable test_bicycle_model[0m
[ 92%] Built target test_bicycle_model
[100%] [32m[1mLinking CXX executable path_follower_node[0m
[100%] Built target path_follower_node
-- Install configuration: ""
-- Installing: /workspace/install/bicycle_control/lib/libbicycle_model.a
-- Installing: /workspace/install/bicycle_control/lib/libbezier_planner.a
-- Installing: /workspace/install/bicycle_control/lib/libpure_pursuit.a
-- Installing: /workspace/install/bicycle_control/lib/bicycle_control/path_follower_node
-- Set non-toolchain portion of runtime path of "/workspace/install/bicycle_control/lib/bicycle_control/path_follower_node" to ""
-- Installing: /workspace/install/bicycle_control/include/
-- Installing: /workspace/install/bicycle_control/include//bicycle_control
-- Installing: /workspace/install/bicycle_control/include//bicycle_control/bicycle_model.hpp
-- Installing: /workspace/install/bicycle_control/include//bicycle_control/bezier_planner.hpp
-- Installing: /workspace/install/bicycle_control/include//bicycle_control/pure_pursuit.hpp
-- Installing: /workspace/install/bicycle_control/share/bicycle_control/launch
-- Installing: /workspace/install/bicycle_control/share/bicycle_control/launch/visualize.launch.py
-- Installing: /workspace/install/bicycle_control/share/bicycle_control/rviz
-- Installing: /workspace/install/bicycle_control/share/bicycle_control/rviz/config.rviz
-- Installing: /workspace/install/bicycle_control/share/ament_index/resource_index/package_run_dependencies/bicycle_control
-- Installing: /workspace/install/bicycle_control/share/ament_index/resource_index/parent_prefix_path/bicycle_control
-- Installing: /workspace/install/bicycle_control/share/bicycle_control/environment/ament_prefix_path.sh
-- Installing: /workspace/install/bicycle_control/share/bicycle_control/environment/ament_prefix_path.dsv
-- Installing: /workspace/install/bicycle_control/share/bicycle_control/environment/path.sh
-- Installing: /workspace/install/bicycle_control/share/bicycle_control/environment/path.dsv
-- Installing: /workspace/install/bicycle_control/share/bicycle_control/local_setup.bash
-- Installing: /workspace/install/bicycle_control/share/bicycle_control/local_setup.sh
-- Installing: /workspace/install/bicycle_control/share/bicycle_control/local_setup.zsh
-- Installing: /workspace/install/bicycle_control/share/bicycle_control/local_setup.dsv
-- Installing: /workspace/install/bicycle_control/share/bicycle_control/package.dsv
-- Installing: /workspace/install/bicycle_control/share/ament_index/resource_index/packages/bicycle_control
-- Installing: /workspace/install/bicycle_control/share/bicycle_control/cmake/bicycle_controlConfig.cmake
-- Installing: /workspace/install/bicycle_control/share/bicycle_control/cmake/bicycle_controlConfig-version.cmake
-- Installing: /workspace/install/bicycle_control/share/bicycle_control/package.xml
