-- The C compiler identification is GNU 13.3.0
-- The CXX compiler identification is GNU 13.3.0
-- Detecting C compiler ABI info
-- Detecting C compiler ABI info - done
-- Check for working C compiler: /usr/bin/cc - skipped
-- Detecting C compile features
-- Detecting C compile features - done
-- Detecting CXX compiler ABI info
-- Detecting CXX compiler ABI info - done
-- Check for working CXX compiler: /usr/bin/c++ - skipped
-- Detecting CXX compile features
-- Detecting CXX compile features - done
-- Found ament_cmake: 2.5.4 (/opt/ros/jazzy/share/ament_cmake/cmake)
-- Found Python3: /usr/bin/python3 (found version "3.12.3") found components: Interpreter 
-- Found rosidl_default_generators: 1.6.0 (/opt/ros/jazzy/share/rosidl_default_generators/cmake)
-- Using all available rosidl_typesupport_c: rosidl_typesupport_fastrtps_c;rosidl_typesupport_introspection_c
-- Using all available rosidl_typesupport_cpp: rosidl_typesupport_fastrtps_cpp;rosidl_typesupport_introspection_cpp
-- Found rosidl_adapter: 4.6.6 (/opt/ros/jazzy/share/rosidl_adapter/cmake)
-- Found action_msgs: 2.0.3 (/opt/ros/jazzy/share/action_msgs/cmake)
-- Found std_msgs: 5.3.6 (/opt/ros/jazzy/share/std_msgs/cmake)
-- Found ament_cmake_ros: 0.12.0 (/opt/ros/jazzy/share/ament_cmake_ros/cmake)
-- Using all available rosidl_typesupport_c: rosidl_typesupport_fastrtps_c;rosidl_typesupport_introspection_c
-- Using all available rosidl_typesupport_cpp: rosidl_typesupport_fastrtps_cpp;rosidl_typesupport_introspection_cpp
-- Found python_cmake_module: 0.11.1 (/opt/ros/jazzy/share/python_cmake_module/cmake)
-- Found PythonExtra: /usr/bin/python3  
-- Found Python3: /usr/bin/python3 (found version "3.12.3") found components: Interpreter Development NumPy Development.Module Development.Embed 
-- Configuring done (1.9s)
-- Generating done (0.0s)
-- Build files have been written to: /workspace/build/bicycle_control_interfaces
[  2%] [34m[1mGenerating type hashes for ROS interfaces[0m
[  2%] Built target ament_cmake_python_copy_bicycle_control_interfaces
running egg_info
creating bicycle_control_interfaces.egg-info
[  2%] Built target bicycle_control_interfaces__rosidl_generator_type_description
writing bicycle_control_interfaces.egg-info/PKG-INFO
writing dependency_links to bicycle_control_interfaces.egg-info/dependency_links.txt
writing top-level names to bicycle_control_interfaces.egg-info/top_level.txt
writing manifest file 'bicycle_control_interfaces.egg-info/SOURCES.txt'
[  5%] [34m[1mGenerating C code for ROS interfaces[0m
[  8%] [34m[1mGenerating C++ code for ROS interfaces[0m
reading manifest file 'bicycle_control_interfaces.egg-info/SOURCES.txt'
writing manifest file 'bicycle_control_interfaces.egg-info/SOURCES.txt'
[  8%] Built target ament_cmake_python_build_bicycle_control_interfaces_egg
[  8%] Built target bicycle_control_interfaces__cpp
[ 11%] [32mBuilding C object CMakeFiles/bicycle_control_interfaces__rosidl_generator_c.dir/rosidl_generator_c/bicycle_control_interfaces/action/detail/follow_path__description.c.o[0m
[ 14%] [32mBuilding C object CMakeFiles/bicycle_control_interfaces__rosidl_generator_c.dir/rosidl_generator_c/bicycle_control_interfaces/action/detail/follow_path__functions.c.o[0m
[ 17%] [32mBuilding C object CMakeFiles/bicycle_control_interfaces__rosidl_generator_c.dir/rosidl_generator_c/bicycle_control_interfaces/action/detail/follow_path__type_support.c.o[0m
[ 20%] [32m[1mLinking C shared library libbicycle_control_interfaces__rosidl_generator_c.so[0m
[ 20%] Built target bicycle_control_interfaces__rosidl_generator_c
[ 23%] [34m[1mGenerating C introspection for ROS interfaces[0m
[ 26%] [34m[1mGenerating C type support for eProsima Fast-RTPS[0m
[ 29%] [34m[1mGenerating C++ introspection for ROS interfaces[0m
[ 38%] [34m[1mGenerating C type support dispatch for ROS interfaces[0m
[ 38%] [34m[1mGenerating C++ type support for eProsima Fast-RTPS[0m
[ 38%] [34m[1mGenerating C++ type support dispatch for ROS interfaces[0m
[ 41%] [32mBuilding CXX object CMakeFiles/bicycle_control_interfaces__rosidl_typesupport_c.dir/rosidl_typesupport_c/bicycle_control_interfaces/action/follow_path__type_support.cpp.o[0m
[ 44%] [32mBuilding CXX object CMakeFiles/bicycle_control_interfaces__rosidl_typesupport_cpp.dir/rosidl_typesupport_cpp/bicycle_control_interfaces/action/follow_path__type_support.cpp.o[0m
[ 47%] [32mBuilding CXX object CMakeFiles/bicycle_control_interfaces__rosidl_typesupport_introspection_cpp.dir/rosidl_typesupport_introspection_cpp/bicycle_control_interfaces/action/detail/follow_path__type_support.cpp.o[0m
[ 50%] [32m[1mLinking CXX shared library libbicycle_control_interfaces__rosidl_typesupport_c.so[0m
[ 52%] [32mBuilding C object CMakeFiles/bicycle_control_interfaces__rosidl_typesupport_introspection_c.dir/rosidl_typesupport_introspection_c/bicycle_control_interfaces/action/detail/follow_path__type_support.c.o[0m
[ 52%] Built target bicycle_control_interfaces__rosidl_typesupport_c
[ 55%] [32m[1mLinking C shared library libbicycle_control_interfaces__rosidl_typesupport_introspection_c.so[0m
[ 58%] [32mBuilding CXX object CMakeFiles/bicycle_control_interfaces__rosidl_typesupport_fastrtps_cpp.dir/rosidl_typesupport_fastrtps_cpp/bicycle_control_interfaces/action/detail/dds_fastrtps/follow_path__type_support.cpp.o[0m
[ 58%] Built target bicycle_control_interfaces__rosidl_typesupport_introspection_c
[ 61%] [32mBuilding CXX object CMakeFiles/bicycle_control_interfaces__rosidl_typesupport_fastrtps_c.dir/rosidl_typesupport_fastrtps_c/bicycle_control_interfaces/action/detail/follow_path__type_support_c.cpp.o[0m
[ 64%] [32m[1mLinking CXX shared library libbicycle_control_interfaces__rosidl_typesupport_cpp.so[0m
[ 64%] Built target bicycle_control_interfaces__rosidl_typesupport_cpp
[ 67%] [32m[1mLinking CXX shared library libbicycle_control_interfaces__rosidl_typesupport_introspection_cpp.so[0m
[ 70%] [32m[1mLinking CXX shared library libbicycle_control_interfaces__rosidl_typesupport_fastrtps_c.so[0m
[ 70%] Built target bicycle_control_interfaces__rosidl_typesupport_introspection_cpp
[ 70%] Built target bicycle_control_interfaces__rosidl_typesupport_fastrtps_c
[ 73%] [32m[1mLinking CXX shared library libbicycle_control_interfaces__rosidl_typesupport_fastrtps_cpp.so[0m
[ 73%] Built target bicycle_control_interfaces__rosidl_typesupport_fastrtps_cpp
[ 73%] Built target bicycle_control_interfaces
[ 76%] [34m[1mGenerating Python code for ROS interfaces[0m
[ 76%] Built target bicycle_control_interfaces__py
[ 79%] [32mBuilding C object CMakeFiles/bicycle_control_interfaces__rosidl_generator_py.dir/rosidl_generator_py/bicycle_control_interfaces/action/_follow_path_s.c.o[0m
[ 82%] [32m[1mLinking C shared library libbicycle_control_interfaces__rosidl_generator_py.so[0m
[ 82%] Built target bicycle_control_interfaces__rosidl_generator_py
[ 85%] [32mBuilding C object CMakeFiles/bicycle_control_interfaces_s__rosidl_typesupport_fastrtps_c.dir/rosidl_generator_py/bicycle_control_interfaces/_bicycle_control_interfaces_s.ep.rosidl_typesupport_fastrtps_c.c.o[0m
[ 88%] [32mBuilding C object CMakeFiles/bicycle_control_interfaces_s__rosidl_typesupport_introspection_c.dir/rosidl_generator_py/bicycle_control_interfaces/_bicycle_control_interfaces_s.ep.rosidl_typesupport_introspection_c.c.o[0m
[ 91%] [32mBuilding C object CMakeFiles/bicycle_control_interfaces_s__rosidl_typesupport_c.dir/rosidl_generator_py/bicycle_control_interfaces/_bicycle_control_interfaces_s.ep.rosidl_typesupport_c.c.o[0m
[100%] [32m[1mLinking C shared module rosidl_generator_py/bicycle_control_interfaces/bicycle_control_interfaces_s__rosidl_typesupport_introspection_c.so[0m
[100%] [32m[1mLinking C shared module rosidl_generator_py/bicycle_control_interfaces/bicycle_control_interfaces_s__rosidl_typesupport_c.so[0m
[100%] [32m[1mLinking C shared module rosidl_generator_py/bicycle_control_interfaces/bicycle_control_interfaces_s__rosidl_typesupport_fastrtps_c.so[0m
[100%] Built target bicycle_control_interfaces_s__rosidl_typesupport_c
[100%] Built target bicycle_control_interfaces_s__rosidl_typesupport_fastrtps_c
[100%] Built target bicycle_control_interfaces_s__rosidl_typesupport_introspection_c
-- Install configuration: ""
-- Installing: /workspace/install/bicycle_control_interfaces/share/ament_index/resource_index/rosidl_interfaces/bicycle_control_interfaces
-- Installing: /workspace/install/bicycle_control_interfaces/share/bicycle_control_interfaces/action/FollowPath.json
-- Installing: /workspace/install/bicycle_control_interfaces/include/bicycle_control_interfaces/bicycle_control_interfaces
-- Installing: /workspace/install/bicycle_control_interfaces/include/bicycle_control_interfaces/bicycle_control_interfaces/action
-- Installing: /workspace/install/bicycle_control_interfaces/include/bicycle_control_interfaces/bicycle_control_interfaces/action/detail
-- Installing: /workspace/install/bicycle_control_interfaces/include/bicycle_control_interfaces/bicycle_control_interfaces/action/detail/follow_path__type_support.c
-- Installing: /workspace/install/bicycle_control_interfaces/include/bicycle_control_interfaces/bicycle_control_interfaces/action/detail/follow_path__type_support.h
-- Installing: /workspace/install/bicycle_control_interfaces/include/bicycle_control_interfaces/bicycle_control_interfaces/action/detail/follow_path__functions.c
-- Installing: /workspace/install/bicycle_control_interfaces/include/bicycle_control_interfaces/bicycle_control_interfaces/action/detail/follow_path__functions.h
-- Installing: /workspace/install/bicycle_control_interfaces/include/bicycle_control_interfaces/bicycle_control_interfaces/action/detail/follow_path__description.c
-- Installing: /workspace/install/bicycle_control_interfaces/include/bicycle_control_interfaces/bicycle_control_interfaces/action/detail/follow_path__struct.h
-- Installing: /workspace/install/bicycle_control_interfaces/include/bicycle_control_interfaces/bicycle_control_interfaces/action/follow_path.h
-- Installing: /workspace/install/bicycle_control_interfaces/include/bicycle_control_interfaces/bicycle_control_interfaces/msg
-- Installing: /workspace/install/bicycle_control_interfaces/include/bicycle_control_interfaces/bicycle_control_interfaces/msg/rosidl_generator_c__visibility_control.h
-- Installing: /workspace/install/bicycle_control_interfaces/share/bicycle_control_interfaces/environment/library_path.sh
-- Installing: /workspace/install/bicycle_control_interfaces/share/bicycle_control_interfaces/environment/library_path.dsv
-- Installing: /workspace/install/bicycle_control_interfaces/lib/libbicycle_control_interfaces__rosidl_generator_c.so
-- Set non-toolchain portion of runtime path of "/workspace/install/bicycle_control_interfaces/lib/libbicycle_control_interfaces__rosidl_generator_c.so" to ""
-- Up-to-date: /workspace/install/bicycle_control_interfaces/include/bicycle_control_interfaces/bicycle_control_interfaces
-- Up-to-date: /workspace/install/bicycle_control_interfaces/include/bicycle_control_interfaces/bicycle_control_interfaces/action
-- Up-to-date: /workspace/install/bicycle_control_interfaces/include/bicycle_control_interfaces/bicycle_control_interfaces/action/detail
-- Installing: /workspace/install/bicycle_control_interfaces/include/bicycle_control_interfaces/bicycle_control_interfaces/action/detail/follow_path__rosidl_typesupport_fastrtps_c.h
-- Up-to-date: /workspace/install/bicycle_control_interfaces/include/bicycle_control_interfaces/bicycle_control_interfaces/msg
-- Installing: /workspace/install/bicycle_control_interfaces/include/bicycle_control_interfaces/bicycle_control_interfaces/msg/rosidl_typesupport_fastrtps_c__visibility_control.h
-- Installing: /workspace/install/bicycle_control_interfaces/lib/libbicycle_control_interfaces__rosidl_typesupport_fastrtps_c.so
-- Set non-toolchain portion of runtime path of "/workspace/install/bicycle_control_interfaces/lib/libbicycle_control_interfaces__rosidl_typesupport_fastrtps_c.so" to ""
-- Up-to-date: /workspace/install/bicycle_control_interfaces/include/bicycle_control_interfaces/bicycle_control_interfaces
-- Up-to-date: /workspace/install/bicycle_control_interfaces/include/bicycle_control_interfaces/bicycle_control_interfaces/action
-- Up-to-date: /workspace/install/bicycle_control_interfaces/include/bicycle_control_interfaces/bicycle_control_interfaces/action/detail
-- Installing: /workspace/install/bicycle_control_interfaces/include/bicycle_control_interfaces/bicycle_control_interfaces/action/detail/follow_path__type_support.c
-- Installing: /workspace/install/bicycle_control_interfaces/include/bicycle_control_interfaces/bicycle_control_interfaces/action/detail/follow_path__rosidl_typesupport_introspection_c.h
-- Up-to-date: /workspace/install/bicycle_control_interfaces/include/bicycle_control_interfaces/bicycle_control_interfaces/msg
-- Installing: /workspace/install/bicycle_control_interfaces/include/bicycle_control_interfaces/bicycle_control_interfaces/msg/rosidl_typesupport_introspection_c__visibility_control.h
-- Installing: /workspace/install/bicycle_control_interfaces/lib/libbicycle_control_interfaces__rosidl_typesupport_introspection_c.so
-- Set non-toolchain portion of runtime path of "/workspace/install/bicycle_control_interfaces/lib/libbicycle_control_interfaces__rosidl_typesupport_introspection_c.so" to ""
-- Installing: /workspace/install/bicycle_control_interfaces/lib/libbicycle_control_interfaces__rosidl_typesupport_c.so
-- Set non-toolchain portion of runtime path of "/workspace/install/bicycle_control_interfaces/lib/libbicycle_control_interfaces__rosidl_typesupport_c.so" to ""
-- Up-to-date: /workspace/install/bicycle_control_interfaces/include/bicycle_control_interfaces/bicycle_control_interfaces
-- Up-to-date: /workspace/install/bicycle_control_interfaces/include/bicycle_control_interfaces/bicycle_control_interfaces/action
-- Up-to-date: /workspace/install/bicycle_control_interfaces/include/bicycle_control_interfaces/bicycle_control_interfaces/action/detail
-- Installing: /workspace/install/bicycle_control_interfaces/include/bicycle_control_interfaces/bicycle_control_interfaces/action/detail/follow_path__type_support.hpp
-- Installing: /workspace/install/bicycle_control_interfaces/include/bicycle_control_interfaces/bicycle_control_interfaces/action/detail/follow_path__traits.hpp
-- Installing: /workspace/install/bicycle_control_interfaces/include/bicycle_control_interfaces/bicycle_control_interfaces/action/detail/follow_path__struct.hpp
-- Installing: /workspace/install/bicycle_control_interfaces/include/bicycle_control_interfaces/bicycle_control_interfaces/action/detail/follow_path__builder.hpp
-- Installing: /workspace/install/bicycle_control_interfaces/include/bicycle_control_interfaces/bicycle_control_interfaces/action/follow_path.hpp
-- Up-to-date: /workspace/install/bicycle_control_interfaces/include/bicycle_control_interfaces/bicycle_control_interfaces/msg
-- Installing: /workspace/install/bicycle_control_interfaces/include/bicycle_control_interfaces/bicycle_control_interfaces/msg/rosidl_generator_cpp__visibility_control.hpp
-- Up-to-date: /workspace/install/bicycle_control_interfaces/include/bicycle_control_interfaces/bicycle_control_interfaces
-- Up-to-date: /workspace/install/bicycle_control_interfaces/include/bicycle_control_interfaces/bicycle_control_interfaces/action
-- Up-to-date: /workspace/install/bicycle_control_interfaces/include/bicycle_control_interfaces/bicycle_control_interfaces/action/detail
-- Installing: /workspace/install/bicycle_control_interfaces/include/bicycle_control_interfaces/bicycle_control_interfaces/action/detail/dds_fastrtps
-- Installing: /workspace/install/bicycle_control_interfaces/include/bicycle_control_interfaces/bicycle_control_interfaces/action/detail/follow_path__rosidl_typesupport_fastrtps_cpp.hpp
-- Up-to-date: /workspace/install/bicycle_control_interfaces/include/bicycle_control_interfaces/bicycle_control_interfaces/msg
-- Installing: /workspace/install/bicycle_control_interfaces/include/bicycle_control_interfaces/bicycle_control_interfaces/msg/rosidl_typesupport_fastrtps_cpp__visibility_control.h
-- Installing: /workspace/install/bicycle_control_interfaces/lib/libbicycle_control_interfaces__rosidl_typesupport_fastrtps_cpp.so
-- Set non-toolchain portion of runtime path of "/workspace/install/bicycle_control_interfaces/lib/libbicycle_control_interfaces__rosidl_typesupport_fastrtps_cpp.so" to ""
-- Up-to-date: /workspace/install/bicycle_control_interfaces/include/bicycle_control_interfaces/bicycle_control_interfaces
-- Up-to-date: /workspace/install/bicycle_control_interfaces/include/bicycle_control_interfaces/bicycle_control_interfaces/action
-- Up-to-date: /workspace/install/bicycle_control_interfaces/include/bicycle_control_interfaces/bicycle_control_interfaces/action/detail
-- Installing: /workspace/install/bicycle_control_interfaces/include/bicycle_control_interfaces/bicycle_control_interfaces/action/detail/follow_path__type_support.cpp
-- Installing: /workspace/install/bicycle_control_interfaces/include/bicycle_control_interfaces/bicycle_control_interfaces/action/detail/follow_path__rosidl_typesupport_introspection_cpp.hpp
-- Installing: /workspace/install/bicycle_control_interfaces/lib/libbicycle_control_interfaces__rosidl_typesupport_introspection_cpp.so
-- Set non-toolchain portion of runtime path of "/workspace/install/bicycle_control_interfaces/lib/libbicycle_control_interfaces__rosidl_typesupport_introspection_cpp.so" to ""
-- Installing: /workspace/install/bicycle_control_interfaces/lib/libbicycle_control_interfaces__rosidl_typesupport_cpp.so
-- Set non-toolchain portion of runtime path of "/workspace/install/bicycle_control_interfaces/lib/libbicycle_control_interfaces__rosidl_typesupport_cpp.so" to ""
-- Installing: /workspace/install/bicycle_control_interfaces/share/bicycle_control_interfaces/environment/pythonpath.sh
-- Installing: /workspace/install/bicycle_control_interfaces/share/bicycle_control_interfaces/environment/pythonpath.dsv
-- Installing: /workspace/install/bicycle_control_interfaces/lib/python3.12/site-packages/bicycle_control_interfaces-0.1.0-py3.12.egg-info
-- Installing: /workspace/install/bicycle_control_interfaces/lib/python3.12/site-packages/bicycle_control_interfaces-0.1.0-py3.12.egg-info/SOURCES.txt
-- Installing: /workspace/install/bicycle_control_interfaces/lib/python3.12/site-packages/bicycle_control_interfaces-0.1.0-py3.12.egg-info/PKG-INFO
-- Installing: /workspace/install/bicycle_control_interfaces/lib/python3.12/site-packages/bicycle_control_interfaces-0.1.0-py3.12.egg-info/dependency_links.txt
-- Installing: /workspace/install/bicycle_control_interfaces/lib/python3.12/site-packages/bicycle_control_interfaces-0.1.0-py3.12.egg-info/top_level.txt
-- Installing: /workspace/install/bicycle_control_interfaces/lib/python3.12/site-packages/bicycle_control_interfaces
-- Installing: /workspace/install/bicycle_control_interfaces/lib/python3.12/site-packages/bicycle_control_interfaces/_bicycle_control_interfaces_s.ep.rosidl_typesupport_introspection_c.c
-- Installing: /workspace/install/bicycle_control_interfaces/lib/python3.12/site-packages/bicycle_control_interfaces/action
-- Installing: /workspace/install/bicycle_control_interfaces/lib/python3.12/site-packages/bicycle_control_interfaces/action/__init__.py
-- Installing: /workspace/install/bicycle_control_interfaces/lib/python3.12/site-packages/bicycle_control_interfaces/action/_follow_path_s.c
-- Installing: /workspace/install/bicycle_control_interfaces/lib/python3.12/site-packages/bicycle_control_interfaces/action/_follow_path.py
-- Installing: /workspace/install/bicycle_control_interfaces/lib/python3.12/site-packages/bicycle_control_interfaces/__init__.py
-- Installing: /workspace/install/bicycle_control_interfaces/lib/python3.12/site-packages/bicycle_control_interfaces/bicycle_control_interfaces_s__rosidl_typesupport_fastrtps_c.so
-- Installing: /workspace/install/bicycle_control_interfaces/lib/python3.12/site-packages/bicycle_control_interfaces/_bicycle_control_interfaces_s.ep.rosidl_typesupport_c.c
-- Installing: /workspace/install/bicycle_control_interfaces/lib/python3.12/site-packages/bicycle_control_interfaces/bicycle_control_interfaces_s__rosidl_typesupport_introspection_c.so
-- Installing: /workspace/install/bicycle_control_interfaces/lib/python3.12/site-packages/bicycle_control_interfaces/_bicycle_control_interfaces_s.ep.rosidl_typesupport_fastrtps_c.c
-- Installing: /workspace/install/bicycle_control_interfaces/lib/python3.12/site-packages/bicycle_control_interfaces/bicycle_control_interfaces_s__rosidl_typesupport_c.so
Listing '/workspace/install/bicycle_control_interfaces/lib/python3.12/site-packages/bicycle_control_interfaces'...
Compiling '/workspace/install/bicycle_control_interfaces/lib/python3.12/site-packages/bicycle_control_interfaces/__init__.py'...
Listing '/workspace/install/bicycle_control_interfaces/lib/python3.12/site-packages/bicycle_control_interfaces/action'...
Compiling '/workspace/install/bicycle_control_interfaces/lib/python3.12/site-packages/bicycle_control_interfaces/action/__init__.py'...
Compiling '/workspace/install/bicycle_control_interfaces/lib/python3.12/site-packages/bicycle_control_interfaces/action/_follow_path.py'...
-- Installing: /workspace/install/bicycle_control_interfaces/lib/python3.12/site-packages/bicycle_control_interfaces/bicycle_control_interfaces_s__rosidl_typesupport_fastrtps_c.so
-- Set non-toolchain portion of runtime path of "/workspace/install/bicycle_control_interfaces/lib/python3.12/site-packages/bicycle_control_interfaces/bicycle_control_interfaces_s__rosidl_typesupport_fastrtps_c.so" to ""
-- Installing: /workspace/install/bicycle_control_interfaces/lib/python3.12/site-packages/bicycle_control_interfaces/bicycle_control_interfaces_s__rosidl_typesupport_introspection_c.so
-- Set non-toolchain portion of runtime path of "/workspace/install/bicycle_control_interfaces/lib/python3.12/site-packages/bicycle_control_interfaces/bicycle_control_interfaces_s__rosidl_typesupport_introspection_c.so" to ""
-- Installing: /workspace/install/bicycle_control_interfaces/lib/python3.12/site-packages/bicycle_control_interfaces/bicycle_control_interfaces_s__rosidl_typesupport_c.so
-- Set non-toolchain portion of runtime path of "/workspace/install/bicycle_control_interfaces/lib/python3.12/site-packages/bicycle_control_interfaces/bicycle_control_interfaces_s__rosidl_typesupport_c.so" to ""
-- Installing: /workspace/install/bicycle_control_interfaces/lib/libbicycle_control_interfaces__rosidl_generator_py.so
-- Set non-toolchain portion of runtime path of "/workspace/install/bicycle_control_interfaces/lib/libbicycle_control_interfaces__rosidl_generator_py.so" to ""
-- Installing: /workspace/install/bicycle_control_interfaces/share/bicycle_control_interfaces/action/FollowPath.idl
-- Installing: /workspace/install/bicycle_control_interfaces/share/bicycle_control_interfaces/action/FollowPath.action
-- Installing: /workspace/install/bicycle_control_interfaces/share/ament_index/resource_index/package_run_dependencies/bicycle_control_interfaces
-- Installing: /workspace/install/bicycle_control_interfaces/share/ament_index/resource_index/parent_prefix_path/bicycle_control_interfaces
-- Installing: /workspace/install/bicycle_control_interfaces/share/bicycle_control_interfaces/environment/ament_prefix_path.sh
-- Installing: /workspace/install/bicycle_control_interfaces/share/bicycle_control_interfaces/environment/ament_prefix_path.dsv
-- Installing: /workspace/install/bicycle_control_interfaces/share/bicycle_control_interfaces/environment/path.sh
-- Installing: /workspace/install/bicycle_control_interfaces/share/bicycle_control_interfaces/environment/path.dsv
-- Installing: /workspace/install/bicycle_control_interfaces/share/bicycle_control_interfaces/local_setup.bash
-- Installing: /workspace/install/bicycle_control_interfaces/share/bicycle_control_interfaces/local_setup.sh
-- Installing: /workspace/install/bicycle_control_interfaces/share/bicycle_control_interfaces/local_setup.zsh
-- Installing: /workspace/install/bicycle_control_interfaces/share/bicycle_control_interfaces/local_setup.dsv
-- Installing: /workspace/install/bicycle_control_interfaces/share/bicycle_control_interfaces/package.dsv
-- Installing: /workspace/install/bicycle_control_interfaces/share/ament_index/resource_index/packages/bicycle_control_interfaces
-- Installing: /workspace/install/bicycle_control_interfaces/share/bicycle_control_interfaces/cmake/export_bicycle_control_interfaces__rosidl_generator_cExport.cmake
-- Installing: /workspace/install/bicycle_control_interfaces/share/bicycle_control_interfaces/cmake/export_bicycle_control_interfaces__rosidl_generator_cExport-noconfig.cmake
-- Installing: /workspace/install/bicycle_control_interfaces/share/bicycle_control_interfaces/cmake/export_bicycle_control_interfaces__rosidl_typesupport_fastrtps_cExport.cmake
-- Installing: /workspace/install/bicycle_control_interfaces/share/bicycle_control_interfaces/cmake/export_bicycle_control_interfaces__rosidl_typesupport_fastrtps_cExport-noconfig.cmake
-- Installing: /workspace/install/bicycle_control_interfaces/share/bicycle_control_interfaces/cmake/bicycle_control_interfaces__rosidl_typesupport_introspection_cExport.cmake
-- Installing: /workspace/install/bicycle_control_interfaces/share/bicycle_control_interfaces/cmake/bicycle_control_interfaces__rosidl_typesupport_introspection_cExport-noconfig.cmake
-- Installing: /workspace/install/bicycle_control_interfaces/share/bicycle_control_interfaces/cmake/bicycle_control_interfaces__rosidl_typesupport_cExport.cmake
-- Installing: /workspace/install/bicycle_control_interfaces/share/bicycle_control_interfaces/cmake/bicycle_control_interfaces__rosidl_typesupport_cExport-noconfig.cmake
-- Installing: /workspace/install/bicycle_control_interfaces/share/bicycle_control_interfaces/cmake/export_bicycle_control_interfaces__rosidl_generator_cppExport.cmake
-- Installing: /workspace/install/bicycle_control_interfaces/share/bicycle_control_interfaces/cmake/export_bicycle_control_interfaces__rosidl_typesupport_fastrtps_cppExport.cmake
-- Installing: /workspace/install/bicycle_control_interfaces/share/bicycle_control_interfaces/cmake/export_bicycle_control_interfaces__rosidl_typesupport_fastrtps_cppExport-noconfig.cmake
-- Installing: /workspace/install/bicycle_control_interfaces/share/bicycle_control_interfaces/cmake/bicycle_control_interfaces__rosidl_typesupport_introspection_cppExport.cmake
-- Installing: /workspace/install/bicycle_control_interfaces/share/bicycle_control_interfaces/cmake/bicycle_control_interfaces__rosidl_typesupport_introspection_cppExport-noconfig.cmake
-- Installing: /workspace/install/bicycle_control_interfaces/share/bicycle_control_interfaces/cmake/bicycle_control_interfaces__rosidl_typesupport_cppExport.cmake
-- Installing: /workspace/install/bicycle_control_interfaces/share/bicycle_control_interfaces/cmake/bicycle_control_interfaces__rosidl_typesupport_cppExport-noconfig.cmake
-- Installing: /workspace/install/bicycle_control_interfaces/share/bicycle_control_interfaces/cmake/export_bicycle_control_interfaces__rosidl_generator_pyExport.cmake
-- Installing: /workspace/install/bicycle_control_interfaces/share/bicycle_control_interfaces/cmake/export_bicycle_control_interfaces__rosidl_generator_pyExport-noconfig.cmake
-- Installing: /workspace/install/bicycle_control_interfaces/share/bicycle_control_interfaces/cmake/rosidl_cmake-extras.cmake
-- Installing: /workspace/install/bicycle_control_interfaces/share/bicycle_control_interfaces/cmake/ament_cmake_export_dependencies-extras.cmake
-- Installing: /workspace/install/bicycle_control_interfaces/share/bicycle_control_interfaces/cmake/ament_cmake_export_include_directories-extras.cmake
-- Installing: /workspace/install/bicycle_control_interfaces/share/bicycle_control_interfaces/cmake/ament_cmake_export_libraries-extras.cmake
-- Installing: /workspace/install/bicycle_control_interfaces/share/bicycle_control_interfaces/cmake/ament_cmake_export_targets-extras.cmake
-- Installing: /workspace/install/bicycle_control_interfaces/share/bicycle_control_interfaces/cmake/rosidl_cmake_export_typesupport_targets-extras.cmake
-- Installing: /workspace/install/bicycle_control_interfaces/share/bicycle_control_interfaces/cmake/rosidl_cmake_export_typesupport_libraries-extras.cmake
-- Installing: /workspace/install/bicycle_control_interfaces/share/bicycle_control_interfaces/cmake/bicycle_control_interfacesConfig.cmake
-- Installing: /workspace/install/bicycle_control_interfaces/share/bicycle_control_interfaces/cmake/bicycle_control_interfacesConfig-version.cmake
-- Installing: /workspace/install/bicycle_control_interfaces/share/bicycle_control_interfaces/package.xml
