[0.007s] Invoking command in '/workspace/build/bicycle_control_interfaces': CMAKE_PREFIX_PATH=${CMAKE_PREFIX_PATH}:/opt/ros/jazzy /usr/bin/cmake /workspace/src/bicycle_control_interfaces -DCMAKE_INSTALL_PREFIX=/workspace/install/bicycle_control_interfaces
[0.044s] -- The C compiler identification is GNU 13.3.0
[0.079s] -- The CXX compiler identification is GNU 13.3.0
[0.091s] -- Detecting C compiler ABI info
[0.152s] -- Detecting C compiler ABI info - done
[0.157s] -- Check for working C compiler: /usr/bin/cc - skipped
[0.158s] -- Detecting C compile features
[0.158s] -- Detecting C compile features - done
[0.164s] -- Detecting CXX compiler ABI info
[0.231s] -- Detecting CXX compiler ABI info - done
[0.237s] -- Check for working CXX compiler: /usr/bin/c++ - skipped
[0.237s] -- Detecting CXX compile features
[0.237s] -- Detecting CXX compile features - done
[0.239s] -- Found ament_cmake: 2.5.4 (/opt/ros/jazzy/share/ament_cmake/cmake)
[0.329s] -- Found Python3: /usr/bin/python3 (found version "3.12.3") found components: Interpreter 
[0.395s] -- Found rosidl_default_generators: 1.6.0 (/opt/ros/jazzy/share/rosidl_default_generators/cmake)
[0.400s] -- Using all available rosidl_typesupport_c: rosidl_typesupport_fastrtps_c;rosidl_typesupport_introspection_c
[0.435s] -- Using all available rosidl_typesupport_cpp: rosidl_typesupport_fastrtps_cpp;rosidl_typesupport_introspection_cpp
[0.465s] -- Found rosidl_adapter: 4.6.6 (/opt/ros/jazzy/share/rosidl_adapter/cmake)
[0.467s] -- Found action_msgs: 2.0.3 (/opt/ros/jazzy/share/action_msgs/cmake)
[0.508s] -- Found std_msgs: 5.3.6 (/opt/ros/jazzy/share/std_msgs/cmake)
[0.889s] -- Found ament_cmake_ros: 0.12.0 (/opt/ros/jazzy/share/ament_cmake_ros/cmake)
[1.185s] -- Using all available rosidl_typesupport_c: rosidl_typesupport_fastrtps_c;rosidl_typesupport_introspection_c
[1.570s] -- Using all available rosidl_typesupport_cpp: rosidl_typesupport_fastrtps_cpp;rosidl_typesupport_introspection_cpp
[1.572s] -- Found python_cmake_module: 0.11.1 (/opt/ros/jazzy/share/python_cmake_module/cmake)
[1.654s] -- Found PythonExtra: /usr/bin/python3  
[1.918s] -- Found Python3: /usr/bin/python3 (found version "3.12.3") found components: Interpreter Development NumPy Development.Module Development.Embed 
[1.952s] -- Configuring done (1.9s)
[1.978s] -- Generating done (0.0s)
[1.986s] -- Build files have been written to: /workspace/build/bicycle_control_interfaces
[1.992s] Invoked command in '/workspace/build/bicycle_control_interfaces' returned '0': CMAKE_PREFIX_PATH=${CMAKE_PREFIX_PATH}:/opt/ros/jazzy /usr/bin/cmake /workspace/src/bicycle_control_interfaces -DCMAKE_INSTALL_PREFIX=/workspace/install/bicycle_control_interfaces
[1.992s] Invoking command in '/workspace/build/bicycle_control_interfaces': CMAKE_PREFIX_PATH=${CMAKE_PREFIX_PATH}:/opt/ros/jazzy /usr/bin/cmake --build /workspace/build/bicycle_control_interfaces -- -j32 -l32
[2.030s] [  2%] [34m[1mGenerating type hashes for ROS interfaces[0m
[2.036s] [  2%] Built target ament_cmake_python_copy_bicycle_control_interfaces
[2.142s] running egg_info
[2.142s] creating bicycle_control_interfaces.egg-info
[2.146s] [  2%] Built target bicycle_control_interfaces__rosidl_generator_type_description
[2.150s] writing bicycle_control_interfaces.egg-info/PKG-INFO
[2.150s] writing dependency_links to bicycle_control_interfaces.egg-info/dependency_links.txt
[2.150s] writing top-level names to bicycle_control_interfaces.egg-info/top_level.txt
[2.150s] writing manifest file 'bicycle_control_interfaces.egg-info/SOURCES.txt'
[2.154s] [  5%] [34m[1mGenerating C code for ROS interfaces[0m
[2.162s] [  8%] [34m[1mGenerating C++ code for ROS interfaces[0m
[2.173s] reading manifest file 'bicycle_control_interfaces.egg-info/SOURCES.txt'
[2.174s] writing manifest file 'bicycle_control_interfaces.egg-info/SOURCES.txt'
[2.193s] [  8%] Built target ament_cmake_python_build_bicycle_control_interfaces_egg
[2.385s] [  8%] Built target bicycle_control_interfaces__cpp
[2.402s] [ 11%] [32mBuilding C object CMakeFiles/bicycle_control_interfaces__rosidl_generator_c.dir/rosidl_generator_c/bicycle_control_interfaces/action/detail/follow_path__description.c.o[0m
[2.402s] [ 14%] [32mBuilding C object CMakeFiles/bicycle_control_interfaces__rosidl_generator_c.dir/rosidl_generator_c/bicycle_control_interfaces/action/detail/follow_path__functions.c.o[0m
[2.403s] [ 17%] [32mBuilding C object CMakeFiles/bicycle_control_interfaces__rosidl_generator_c.dir/rosidl_generator_c/bicycle_control_interfaces/action/detail/follow_path__type_support.c.o[0m
[2.493s] [ 20%] [32m[1mLinking C shared library libbicycle_control_interfaces__rosidl_generator_c.so[0m
[2.518s] [ 20%] Built target bicycle_control_interfaces__rosidl_generator_c
[2.525s] [ 23%] [34m[1mGenerating C introspection for ROS interfaces[0m
[2.525s] [ 26%] [34m[1mGenerating C type support for eProsima Fast-RTPS[0m
[2.526s] [ 29%] [34m[1mGenerating C++ introspection for ROS interfaces[0m
[2.527s] [ 38%] [34m[1mGenerating C type support dispatch for ROS interfaces[0m
[2.527s] [ 38%] [34m[1mGenerating C++ type support for eProsima Fast-RTPS[0m
[2.527s] [ 38%] [34m[1mGenerating C++ type support dispatch for ROS interfaces[0m
[2.686s] [ 41%] [32mBuilding CXX object CMakeFiles/bicycle_control_interfaces__rosidl_typesupport_c.dir/rosidl_typesupport_c/bicycle_control_interfaces/action/follow_path__type_support.cpp.o[0m
[2.686s] [ 44%] [32mBuilding CXX object CMakeFiles/bicycle_control_interfaces__rosidl_typesupport_cpp.dir/rosidl_typesupport_cpp/bicycle_control_interfaces/action/follow_path__type_support.cpp.o[0m
[2.718s] [ 47%] [32mBuilding CXX object CMakeFiles/bicycle_control_interfaces__rosidl_typesupport_introspection_cpp.dir/rosidl_typesupport_introspection_cpp/bicycle_control_interfaces/action/detail/follow_path__type_support.cpp.o[0m
[2.728s] [ 50%] [32m[1mLinking CXX shared library libbicycle_control_interfaces__rosidl_typesupport_c.so[0m
[2.728s] [ 52%] [32mBuilding C object CMakeFiles/bicycle_control_interfaces__rosidl_typesupport_introspection_c.dir/rosidl_typesupport_introspection_c/bicycle_control_interfaces/action/detail/follow_path__type_support.c.o[0m
[2.760s] [ 52%] Built target bicycle_control_interfaces__rosidl_typesupport_c
[2.773s] [ 55%] [32m[1mLinking C shared library libbicycle_control_interfaces__rosidl_typesupport_introspection_c.so[0m
[2.785s] [ 58%] [32mBuilding CXX object CMakeFiles/bicycle_control_interfaces__rosidl_typesupport_fastrtps_cpp.dir/rosidl_typesupport_fastrtps_cpp/bicycle_control_interfaces/action/detail/dds_fastrtps/follow_path__type_support.cpp.o[0m
[2.797s] [ 58%] Built target bicycle_control_interfaces__rosidl_typesupport_introspection_c
[2.808s] [ 61%] [32mBuilding CXX object CMakeFiles/bicycle_control_interfaces__rosidl_typesupport_fastrtps_c.dir/rosidl_typesupport_fastrtps_c/bicycle_control_interfaces/action/detail/follow_path__type_support_c.cpp.o[0m
[3.065s] [ 64%] [32m[1mLinking CXX shared library libbicycle_control_interfaces__rosidl_typesupport_cpp.so[0m
[3.115s] [ 64%] Built target bicycle_control_interfaces__rosidl_typesupport_cpp
[3.130s] [ 67%] [32m[1mLinking CXX shared library libbicycle_control_interfaces__rosidl_typesupport_introspection_cpp.so[0m
[3.145s] [ 70%] [32m[1mLinking CXX shared library libbicycle_control_interfaces__rosidl_typesupport_fastrtps_c.so[0m
[3.180s] [ 70%] Built target bicycle_control_interfaces__rosidl_typesupport_introspection_cpp
[3.180s] [ 70%] Built target bicycle_control_interfaces__rosidl_typesupport_fastrtps_c
[3.327s] [ 73%] [32m[1mLinking CXX shared library libbicycle_control_interfaces__rosidl_typesupport_fastrtps_cpp.so[0m
[3.377s] [ 73%] Built target bicycle_control_interfaces__rosidl_typesupport_fastrtps_cpp
[3.392s] [ 73%] Built target bicycle_control_interfaces
[3.407s] [ 76%] [34m[1mGenerating Python code for ROS interfaces[0m
[3.768s] [ 76%] Built target bicycle_control_interfaces__py
[3.782s] [ 79%] [32mBuilding C object CMakeFiles/bicycle_control_interfaces__rosidl_generator_py.dir/rosidl_generator_py/bicycle_control_interfaces/action/_follow_path_s.c.o[0m
[3.904s] [ 82%] [32m[1mLinking C shared library libbicycle_control_interfaces__rosidl_generator_py.so[0m
[3.938s] [ 82%] Built target bicycle_control_interfaces__rosidl_generator_py
[3.952s] [ 85%] [32mBuilding C object CMakeFiles/bicycle_control_interfaces_s__rosidl_typesupport_fastrtps_c.dir/rosidl_generator_py/bicycle_control_interfaces/_bicycle_control_interfaces_s.ep.rosidl_typesupport_fastrtps_c.c.o[0m
[3.953s] [ 88%] [32mBuilding C object CMakeFiles/bicycle_control_interfaces_s__rosidl_typesupport_introspection_c.dir/rosidl_generator_py/bicycle_control_interfaces/_bicycle_control_interfaces_s.ep.rosidl_typesupport_introspection_c.c.o[0m
[3.954s] [ 91%] [32mBuilding C object CMakeFiles/bicycle_control_interfaces_s__rosidl_typesupport_c.dir/rosidl_generator_py/bicycle_control_interfaces/_bicycle_control_interfaces_s.ep.rosidl_typesupport_c.c.o[0m
[4.039s] [100%] [32m[1mLinking C shared module rosidl_generator_py/bicycle_control_interfaces/bicycle_control_interfaces_s__rosidl_typesupport_introspection_c.so[0m
[4.039s] [100%] [32m[1mLinking C shared module rosidl_generator_py/bicycle_control_interfaces/bicycle_control_interfaces_s__rosidl_typesupport_c.so[0m
[4.039s] [100%] [32m[1mLinking C shared module rosidl_generator_py/bicycle_control_interfaces/bicycle_control_interfaces_s__rosidl_typesupport_fastrtps_c.so[0m
[4.062s] [100%] Built target bicycle_control_interfaces_s__rosidl_typesupport_c
[4.064s] [100%] Built target bicycle_control_interfaces_s__rosidl_typesupport_fastrtps_c
[4.064s] [100%] Built target bicycle_control_interfaces_s__rosidl_typesupport_introspection_c
[4.073s] Invoked command in '/workspace/build/bicycle_control_interfaces' returned '0': CMAKE_PREFIX_PATH=${CMAKE_PREFIX_PATH}:/opt/ros/jazzy /usr/bin/cmake --build /workspace/build/bicycle_control_interfaces -- -j32 -l32
[4.079s] Invoking command in '/workspace/build/bicycle_control_interfaces': CMAKE_PREFIX_PATH=${CMAKE_PREFIX_PATH}:/opt/ros/jazzy /usr/bin/cmake --install /workspace/build/bicycle_control_interfaces
[4.085s] -- Install configuration: ""
[4.085s] -- Installing: /workspace/install/bicycle_control_interfaces/share/ament_index/resource_index/rosidl_interfaces/bicycle_control_interfaces
[4.085s] -- Installing: /workspace/install/bicycle_control_interfaces/share/bicycle_control_interfaces/action/FollowPath.json
[4.086s] -- Installing: /workspace/install/bicycle_control_interfaces/include/bicycle_control_interfaces/bicycle_control_interfaces
[4.086s] -- Installing: /workspace/install/bicycle_control_interfaces/include/bicycle_control_interfaces/bicycle_control_interfaces/action
[4.086s] -- Installing: /workspace/install/bicycle_control_interfaces/include/bicycle_control_interfaces/bicycle_control_interfaces/action/detail
[4.086s] -- Installing: /workspace/install/bicycle_control_interfaces/include/bicycle_control_interfaces/bicycle_control_interfaces/action/detail/follow_path__type_support.c
[4.086s] -- Installing: /workspace/install/bicycle_control_interfaces/include/bicycle_control_interfaces/bicycle_control_interfaces/action/detail/follow_path__type_support.h
[4.086s] -- Installing: /workspace/install/bicycle_control_interfaces/include/bicycle_control_interfaces/bicycle_control_interfaces/action/detail/follow_path__functions.c
[4.086s] -- Installing: /workspace/install/bicycle_control_interfaces/include/bicycle_control_interfaces/bicycle_control_interfaces/action/detail/follow_path__functions.h
[4.086s] -- Installing: /workspace/install/bicycle_control_interfaces/include/bicycle_control_interfaces/bicycle_control_interfaces/action/detail/follow_path__description.c
[4.086s] -- Installing: /workspace/install/bicycle_control_interfaces/include/bicycle_control_interfaces/bicycle_control_interfaces/action/detail/follow_path__struct.h
[4.087s] -- Installing: /workspace/install/bicycle_control_interfaces/include/bicycle_control_interfaces/bicycle_control_interfaces/action/follow_path.h
[4.087s] -- Installing: /workspace/install/bicycle_control_interfaces/include/bicycle_control_interfaces/bicycle_control_interfaces/msg
[4.087s] -- Installing: /workspace/install/bicycle_control_interfaces/include/bicycle_control_interfaces/bicycle_control_interfaces/msg/rosidl_generator_c__visibility_control.h
[4.087s] -- Installing: /workspace/install/bicycle_control_interfaces/share/bicycle_control_interfaces/environment/library_path.sh
[4.087s] -- Installing: /workspace/install/bicycle_control_interfaces/share/bicycle_control_interfaces/environment/library_path.dsv
[4.087s] -- Installing: /workspace/install/bicycle_control_interfaces/lib/libbicycle_control_interfaces__rosidl_generator_c.so
[4.087s] -- Set non-toolchain portion of runtime path of "/workspace/install/bicycle_control_interfaces/lib/libbicycle_control_interfaces__rosidl_generator_c.so" to ""
[4.088s] -- Up-to-date: /workspace/install/bicycle_control_interfaces/include/bicycle_control_interfaces/bicycle_control_interfaces
[4.088s] -- Up-to-date: /workspace/install/bicycle_control_interfaces/include/bicycle_control_interfaces/bicycle_control_interfaces/action
[4.088s] -- Up-to-date: /workspace/install/bicycle_control_interfaces/include/bicycle_control_interfaces/bicycle_control_interfaces/action/detail
[4.088s] -- Installing: /workspace/install/bicycle_control_interfaces/include/bicycle_control_interfaces/bicycle_control_interfaces/action/detail/follow_path__rosidl_typesupport_fastrtps_c.h
[4.088s] -- Up-to-date: /workspace/install/bicycle_control_interfaces/include/bicycle_control_interfaces/bicycle_control_interfaces/msg
[4.088s] -- Installing: /workspace/install/bicycle_control_interfaces/include/bicycle_control_interfaces/bicycle_control_interfaces/msg/rosidl_typesupport_fastrtps_c__visibility_control.h
[4.088s] -- Installing: /workspace/install/bicycle_control_interfaces/lib/libbicycle_control_interfaces__rosidl_typesupport_fastrtps_c.so
[4.088s] -- Set non-toolchain portion of runtime path of "/workspace/install/bicycle_control_interfaces/lib/libbicycle_control_interfaces__rosidl_typesupport_fastrtps_c.so" to ""
[4.088s] -- Up-to-date: /workspace/install/bicycle_control_interfaces/include/bicycle_control_interfaces/bicycle_control_interfaces
[4.088s] -- Up-to-date: /workspace/install/bicycle_control_interfaces/include/bicycle_control_interfaces/bicycle_control_interfaces/action
[4.088s] -- Up-to-date: /workspace/install/bicycle_control_interfaces/include/bicycle_control_interfaces/bicycle_control_interfaces/action/detail
[4.088s] -- Installing: /workspace/install/bicycle_control_interfaces/include/bicycle_control_interfaces/bicycle_control_interfaces/action/detail/follow_path__type_support.c
[4.089s] -- Installing: /workspace/install/bicycle_control_interfaces/include/bicycle_control_interfaces/bicycle_control_interfaces/action/detail/follow_path__rosidl_typesupport_introspection_c.h
[4.089s] -- Up-to-date: /workspace/install/bicycle_control_interfaces/include/bicycle_control_interfaces/bicycle_control_interfaces/msg
[4.089s] -- Installing: /workspace/install/bicycle_control_interfaces/include/bicycle_control_interfaces/bicycle_control_interfaces/msg/rosidl_typesupport_introspection_c__visibility_control.h
[4.089s] -- Installing: /workspace/install/bicycle_control_interfaces/lib/libbicycle_control_interfaces__rosidl_typesupport_introspection_c.so
[4.089s] -- Set non-toolchain portion of runtime path of "/workspace/install/bicycle_control_interfaces/lib/libbicycle_control_interfaces__rosidl_typesupport_introspection_c.so" to ""
[4.089s] -- Installing: /workspace/install/bicycle_control_interfaces/lib/libbicycle_control_interfaces__rosidl_typesupport_c.so
[4.089s] -- Set non-toolchain portion of runtime path of "/workspace/install/bicycle_control_interfaces/lib/libbicycle_control_interfaces__rosidl_typesupport_c.so" to ""
[4.089s] -- Up-to-date: /workspace/install/bicycle_control_interfaces/include/bicycle_control_interfaces/bicycle_control_interfaces
[4.090s] -- Up-to-date: /workspace/install/bicycle_control_interfaces/include/bicycle_control_interfaces/bicycle_control_interfaces/action
[4.090s] -- Up-to-date: /workspace/install/bicycle_control_interfaces/include/bicycle_control_interfaces/bicycle_control_interfaces/action/detail
[4.090s] -- Installing: /workspace/install/bicycle_control_interfaces/include/bicycle_control_interfaces/bicycle_control_interfaces/action/detail/follow_path__type_support.hpp
[4.090s] -- Installing: /workspace/install/bicycle_control_interfaces/include/bicycle_control_interfaces/bicycle_control_interfaces/action/detail/follow_path__traits.hpp
[4.090s] -- Installing: /workspace/install/bicycle_control_interfaces/include/bicycle_control_interfaces/bicycle_control_interfaces/action/detail/follow_path__struct.hpp
[4.090s] -- Installing: /workspace/install/bicycle_control_interfaces/include/bicycle_control_interfaces/bicycle_control_interfaces/action/detail/follow_path__builder.hpp
[4.090s] -- Installing: /workspace/install/bicycle_control_interfaces/include/bicycle_control_interfaces/bicycle_control_interfaces/action/follow_path.hpp
[4.090s] -- Up-to-date: /workspace/install/bicycle_control_interfaces/include/bicycle_control_interfaces/bicycle_control_interfaces/msg
[4.090s] -- Installing: /workspace/install/bicycle_control_interfaces/include/bicycle_control_interfaces/bicycle_control_interfaces/msg/rosidl_generator_cpp__visibility_control.hpp
[4.090s] -- Up-to-date: /workspace/install/bicycle_control_interfaces/include/bicycle_control_interfaces/bicycle_control_interfaces
[4.090s] -- Up-to-date: /workspace/install/bicycle_control_interfaces/include/bicycle_control_interfaces/bicycle_control_interfaces/action
[4.091s] -- Up-to-date: /workspace/install/bicycle_control_interfaces/include/bicycle_control_interfaces/bicycle_control_interfaces/action/detail
[4.091s] -- Installing: /workspace/install/bicycle_control_interfaces/include/bicycle_control_interfaces/bicycle_control_interfaces/action/detail/dds_fastrtps
[4.091s] -- Installing: /workspace/install/bicycle_control_interfaces/include/bicycle_control_interfaces/bicycle_control_interfaces/action/detail/follow_path__rosidl_typesupport_fastrtps_cpp.hpp
[4.091s] -- Up-to-date: /workspace/install/bicycle_control_interfaces/include/bicycle_control_interfaces/bicycle_control_interfaces/msg
[4.091s] -- Installing: /workspace/install/bicycle_control_interfaces/include/bicycle_control_interfaces/bicycle_control_interfaces/msg/rosidl_typesupport_fastrtps_cpp__visibility_control.h
[4.091s] -- Installing: /workspace/install/bicycle_control_interfaces/lib/libbicycle_control_interfaces__rosidl_typesupport_fastrtps_cpp.so
[4.091s] -- Set non-toolchain portion of runtime path of "/workspace/install/bicycle_control_interfaces/lib/libbicycle_control_interfaces__rosidl_typesupport_fastrtps_cpp.so" to ""
[4.091s] -- Up-to-date: /workspace/install/bicycle_control_interfaces/include/bicycle_control_interfaces/bicycle_control_interfaces
[4.091s] -- Up-to-date: /workspace/install/bicycle_control_interfaces/include/bicycle_control_interfaces/bicycle_control_interfaces/action
[4.091s] -- Up-to-date: /workspace/install/bicycle_control_interfaces/include/bicycle_control_interfaces/bicycle_control_interfaces/action/detail
[4.091s] -- Installing: /workspace/install/bicycle_control_interfaces/include/bicycle_control_interfaces/bicycle_control_interfaces/action/detail/follow_path__type_support.cpp
[4.092s] -- Installing: /workspace/install/bicycle_control_interfaces/include/bicycle_control_interfaces/bicycle_control_interfaces/action/detail/follow_path__rosidl_typesupport_introspection_cpp.hpp
[4.092s] -- Installing: /workspace/install/bicycle_control_interfaces/lib/libbicycle_control_interfaces__rosidl_typesupport_introspection_cpp.so
[4.092s] -- Set non-toolchain portion of runtime path of "/workspace/install/bicycle_control_interfaces/lib/libbicycle_control_interfaces__rosidl_typesupport_introspection_cpp.so" to ""
[4.092s] -- Installing: /workspace/install/bicycle_control_interfaces/lib/libbicycle_control_interfaces__rosidl_typesupport_cpp.so
[4.093s] -- Set non-toolchain portion of runtime path of "/workspace/install/bicycle_control_interfaces/lib/libbicycle_control_interfaces__rosidl_typesupport_cpp.so" to ""
[4.093s] -- Installing: /workspace/install/bicycle_control_interfaces/share/bicycle_control_interfaces/environment/pythonpath.sh
[4.093s] -- Installing: /workspace/install/bicycle_control_interfaces/share/bicycle_control_interfaces/environment/pythonpath.dsv
[4.093s] -- Installing: /workspace/install/bicycle_control_interfaces/lib/python3.12/site-packages/bicycle_control_interfaces-0.1.0-py3.12.egg-info
[4.093s] -- Installing: /workspace/install/bicycle_control_interfaces/lib/python3.12/site-packages/bicycle_control_interfaces-0.1.0-py3.12.egg-info/SOURCES.txt
[4.094s] -- Installing: /workspace/install/bicycle_control_interfaces/lib/python3.12/site-packages/bicycle_control_interfaces-0.1.0-py3.12.egg-info/PKG-INFO
[4.094s] -- Installing: /workspace/install/bicycle_control_interfaces/lib/python3.12/site-packages/bicycle_control_interfaces-0.1.0-py3.12.egg-info/dependency_links.txt
[4.094s] -- Installing: /workspace/install/bicycle_control_interfaces/lib/python3.12/site-packages/bicycle_control_interfaces-0.1.0-py3.12.egg-info/top_level.txt
[4.094s] -- Installing: /workspace/install/bicycle_control_interfaces/lib/python3.12/site-packages/bicycle_control_interfaces
[4.094s] -- Installing: /workspace/install/bicycle_control_interfaces/lib/python3.12/site-packages/bicycle_control_interfaces/_bicycle_control_interfaces_s.ep.rosidl_typesupport_introspection_c.c
[4.094s] -- Installing: /workspace/install/bicycle_control_interfaces/lib/python3.12/site-packages/bicycle_control_interfaces/action
[4.094s] -- Installing: /workspace/install/bicycle_control_interfaces/lib/python3.12/site-packages/bicycle_control_interfaces/action/__init__.py
[4.094s] -- Installing: /workspace/install/bicycle_control_interfaces/lib/python3.12/site-packages/bicycle_control_interfaces/action/_follow_path_s.c
[4.095s] -- Installing: /workspace/install/bicycle_control_interfaces/lib/python3.12/site-packages/bicycle_control_interfaces/action/_follow_path.py
[4.095s] -- Installing: /workspace/install/bicycle_control_interfaces/lib/python3.12/site-packages/bicycle_control_interfaces/__init__.py
[4.095s] -- Installing: /workspace/install/bicycle_control_interfaces/lib/python3.12/site-packages/bicycle_control_interfaces/bicycle_control_interfaces_s__rosidl_typesupport_fastrtps_c.so
[4.095s] -- Installing: /workspace/install/bicycle_control_interfaces/lib/python3.12/site-packages/bicycle_control_interfaces/_bicycle_control_interfaces_s.ep.rosidl_typesupport_c.c
[4.095s] -- Installing: /workspace/install/bicycle_control_interfaces/lib/python3.12/site-packages/bicycle_control_interfaces/bicycle_control_interfaces_s__rosidl_typesupport_introspection_c.so
[4.095s] -- Installing: /workspace/install/bicycle_control_interfaces/lib/python3.12/site-packages/bicycle_control_interfaces/_bicycle_control_interfaces_s.ep.rosidl_typesupport_fastrtps_c.c
[4.095s] -- Installing: /workspace/install/bicycle_control_interfaces/lib/python3.12/site-packages/bicycle_control_interfaces/bicycle_control_interfaces_s__rosidl_typesupport_c.so
[4.125s] Listing '/workspace/install/bicycle_control_interfaces/lib/python3.12/site-packages/bicycle_control_interfaces'...
[4.125s] Compiling '/workspace/install/bicycle_control_interfaces/lib/python3.12/site-packages/bicycle_control_interfaces/__init__.py'...
[4.125s] Listing '/workspace/install/bicycle_control_interfaces/lib/python3.12/site-packages/bicycle_control_interfaces/action'...
[4.125s] Compiling '/workspace/install/bicycle_control_interfaces/lib/python3.12/site-packages/bicycle_control_interfaces/action/__init__.py'...
[4.125s] Compiling '/workspace/install/bicycle_control_interfaces/lib/python3.12/site-packages/bicycle_control_interfaces/action/_follow_path.py'...
[4.129s] -- Installing: /workspace/install/bicycle_control_interfaces/lib/python3.12/site-packages/bicycle_control_interfaces/bicycle_control_interfaces_s__rosidl_typesupport_fastrtps_c.so
[4.129s] -- Set non-toolchain portion of runtime path of "/workspace/install/bicycle_control_interfaces/lib/python3.12/site-packages/bicycle_control_interfaces/bicycle_control_interfaces_s__rosidl_typesupport_fastrtps_c.so" to ""
[4.129s] -- Installing: /workspace/install/bicycle_control_interfaces/lib/python3.12/site-packages/bicycle_control_interfaces/bicycle_control_interfaces_s__rosidl_typesupport_introspection_c.so
[4.130s] -- Set non-toolchain portion of runtime path of "/workspace/install/bicycle_control_interfaces/lib/python3.12/site-packages/bicycle_control_interfaces/bicycle_control_interfaces_s__rosidl_typesupport_introspection_c.so" to ""
[4.130s] -- Installing: /workspace/install/bicycle_control_interfaces/lib/python3.12/site-packages/bicycle_control_interfaces/bicycle_control_interfaces_s__rosidl_typesupport_c.so
[4.130s] -- Set non-toolchain portion of runtime path of "/workspace/install/bicycle_control_interfaces/lib/python3.12/site-packages/bicycle_control_interfaces/bicycle_control_interfaces_s__rosidl_typesupport_c.so" to ""
[4.130s] -- Installing: /workspace/install/bicycle_control_interfaces/lib/libbicycle_control_interfaces__rosidl_generator_py.so
[4.130s] -- Set non-toolchain portion of runtime path of "/workspace/install/bicycle_control_interfaces/lib/libbicycle_control_interfaces__rosidl_generator_py.so" to ""
[4.131s] -- Installing: /workspace/install/bicycle_control_interfaces/share/bicycle_control_interfaces/action/FollowPath.idl
[4.131s] -- Installing: /workspace/install/bicycle_control_interfaces/share/bicycle_control_interfaces/action/FollowPath.action
[4.131s] -- Installing: /workspace/install/bicycle_control_interfaces/share/ament_index/resource_index/package_run_dependencies/bicycle_control_interfaces
[4.131s] -- Installing: /workspace/install/bicycle_control_interfaces/share/ament_index/resource_index/parent_prefix_path/bicycle_control_interfaces
[4.131s] -- Installing: /workspace/install/bicycle_control_interfaces/share/bicycle_control_interfaces/environment/ament_prefix_path.sh
[4.131s] -- Installing: /workspace/install/bicycle_control_interfaces/share/bicycle_control_interfaces/environment/ament_prefix_path.dsv
[4.131s] -- Installing: /workspace/install/bicycle_control_interfaces/share/bicycle_control_interfaces/environment/path.sh
[4.131s] -- Installing: /workspace/install/bicycle_control_interfaces/share/bicycle_control_interfaces/environment/path.dsv
[4.132s] -- Installing: /workspace/install/bicycle_control_interfaces/share/bicycle_control_interfaces/local_setup.bash
[4.132s] -- Installing: /workspace/install/bicycle_control_interfaces/share/bicycle_control_interfaces/local_setup.sh
[4.132s] -- Installing: /workspace/install/bicycle_control_interfaces/share/bicycle_control_interfaces/local_setup.zsh
[4.132s] -- Installing: /workspace/install/bicycle_control_interfaces/share/bicycle_control_interfaces/local_setup.dsv
[4.132s] -- Installing: /workspace/install/bicycle_control_interfaces/share/bicycle_control_interfaces/package.dsv
[4.132s] -- Installing: /workspace/install/bicycle_control_interfaces/share/ament_index/resource_index/packages/bicycle_control_interfaces
[4.132s] -- Installing: /workspace/install/bicycle_control_interfaces/share/bicycle_control_interfaces/cmake/export_bicycle_control_interfaces__rosidl_generator_cExport.cmake
[4.132s] -- Installing: /workspace/install/bicycle_control_interfaces/share/bicycle_control_interfaces/cmake/export_bicycle_control_interfaces__rosidl_generator_cExport-noconfig.cmake
[4.133s] -- Installing: /workspace/install/bicycle_control_interfaces/share/bicycle_control_interfaces/cmake/export_bicycle_control_interfaces__rosidl_typesupport_fastrtps_cExport.cmake
[4.133s] -- Installing: /workspace/install/bicycle_control_interfaces/share/bicycle_control_interfaces/cmake/export_bicycle_control_interfaces__rosidl_typesupport_fastrtps_cExport-noconfig.cmake
[4.133s] -- Installing: /workspace/install/bicycle_control_interfaces/share/bicycle_control_interfaces/cmake/bicycle_control_interfaces__rosidl_typesupport_introspection_cExport.cmake
[4.133s] -- Installing: /workspace/install/bicycle_control_interfaces/share/bicycle_control_interfaces/cmake/bicycle_control_interfaces__rosidl_typesupport_introspection_cExport-noconfig.cmake
[4.133s] -- Installing: /workspace/install/bicycle_control_interfaces/share/bicycle_control_interfaces/cmake/bicycle_control_interfaces__rosidl_typesupport_cExport.cmake
[4.133s] -- Installing: /workspace/install/bicycle_control_interfaces/share/bicycle_control_interfaces/cmake/bicycle_control_interfaces__rosidl_typesupport_cExport-noconfig.cmake
[4.133s] -- Installing: /workspace/install/bicycle_control_interfaces/share/bicycle_control_interfaces/cmake/export_bicycle_control_interfaces__rosidl_generator_cppExport.cmake
[4.133s] -- Installing: /workspace/install/bicycle_control_interfaces/share/bicycle_control_interfaces/cmake/export_bicycle_control_interfaces__rosidl_typesupport_fastrtps_cppExport.cmake
[4.133s] -- Installing: /workspace/install/bicycle_control_interfaces/share/bicycle_control_interfaces/cmake/export_bicycle_control_interfaces__rosidl_typesupport_fastrtps_cppExport-noconfig.cmake
[4.134s] -- Installing: /workspace/install/bicycle_control_interfaces/share/bicycle_control_interfaces/cmake/bicycle_control_interfaces__rosidl_typesupport_introspection_cppExport.cmake
[4.134s] -- Installing: /workspace/install/bicycle_control_interfaces/share/bicycle_control_interfaces/cmake/bicycle_control_interfaces__rosidl_typesupport_introspection_cppExport-noconfig.cmake
[4.134s] -- Installing: /workspace/install/bicycle_control_interfaces/share/bicycle_control_interfaces/cmake/bicycle_control_interfaces__rosidl_typesupport_cppExport.cmake
[4.134s] -- Installing: /workspace/install/bicycle_control_interfaces/share/bicycle_control_interfaces/cmake/bicycle_control_interfaces__rosidl_typesupport_cppExport-noconfig.cmake
[4.134s] -- Installing: /workspace/install/bicycle_control_interfaces/share/bicycle_control_interfaces/cmake/export_bicycle_control_interfaces__rosidl_generator_pyExport.cmake
[4.134s] -- Installing: /workspace/install/bicycle_control_interfaces/share/bicycle_control_interfaces/cmake/export_bicycle_control_interfaces__rosidl_generator_pyExport-noconfig.cmake
[4.134s] -- Installing: /workspace/install/bicycle_control_interfaces/share/bicycle_control_interfaces/cmake/rosidl_cmake-extras.cmake
[4.134s] -- Installing: /workspace/install/bicycle_control_interfaces/share/bicycle_control_interfaces/cmake/ament_cmake_export_dependencies-extras.cmake
[4.135s] -- Installing: /workspace/install/bicycle_control_interfaces/share/bicycle_control_interfaces/cmake/ament_cmake_export_include_directories-extras.cmake
[4.135s] -- Installing: /workspace/install/bicycle_control_interfaces/share/bicycle_control_interfaces/cmake/ament_cmake_export_libraries-extras.cmake
[4.135s] -- Installing: /workspace/install/bicycle_control_interfaces/share/bicycle_control_interfaces/cmake/ament_cmake_export_targets-extras.cmake
[4.135s] -- Installing: /workspace/install/bicycle_control_interfaces/share/bicycle_control_interfaces/cmake/rosidl_cmake_export_typesupport_targets-extras.cmake
[4.135s] -- Installing: /workspace/install/bicycle_control_interfaces/share/bicycle_control_interfaces/cmake/rosidl_cmake_export_typesupport_libraries-extras.cmake
[4.135s] -- Installing: /workspace/install/bicycle_control_interfaces/share/bicycle_control_interfaces/cmake/bicycle_control_interfacesConfig.cmake
[4.135s] -- Installing: /workspace/install/bicycle_control_interfaces/share/bicycle_control_interfaces/cmake/bicycle_control_interfacesConfig-version.cmake
[4.135s] -- Installing: /workspace/install/bicycle_control_interfaces/share/bicycle_control_interfaces/package.xml
[4.137s] Invoked command in '/workspace/build/bicycle_control_interfaces' returned '0': CMAKE_PREFIX_PATH=${CMAKE_PREFIX_PATH}:/opt/ros/jazzy /usr/bin/cmake --install /workspace/build/bicycle_control_interfaces
